<?xml version="1.0" encoding="UTF-8"?>
<!-- Generated by org.testng.reporters.JUnitReportReporter -->
<testsuite hostname="DESKTOP-HAQJ43C" failures="0" tests="1" name="com.test.nosotrosTest" time="6.776" errors="0" timestamp="2022-05-11T13:23:58 CLT" skipped="0">
  <testcase classname="com.test.nosotrosTest" name="PruebaNosotros" time="6.776"/>
  <system-out/>
</testsuite> <!-- com.test.nosotrosTest -->
